This is XeTeX, Version 3.14159265-2.6-0.999991 (MiKTeX 2.9.7140 64-bit) (preloaded format=xelatex 2019.9.23)  29 SEP 2019 15:21
entering extended mode
**./未命名-1.tex
(未命名-1.tex
LaTeX2e <2018-12-01>
("C:\Users\yyy04\AppData\Local\Programs\MiKTeX 2.9\tex/latex/base\article.cls"
Document Class: article 2018/09/03 v1.4i Standard LaTeX document class
("C:\Users\yyy04\AppData\Local\Programs\MiKTeX 2.9\tex/latex/base\size10.clo"
File: size10.clo 2018/09/03 v1.4i Standard LaTeX file (size option)
)
\c@part=\count80
\c@section=\count81
\c@subsection=\count82
\c@subsubsection=\count83
\c@paragraph=\count84
\c@subparagraph=\count85
\c@figure=\count86
\c@table=\count87
\abovecaptionskip=\skip41
\belowcaptionskip=\skip42
\bibindent=\dimen102
)
("C:\Users\yyy04\AppData\Local\Programs\MiKTeX 2.9\tex/latex/graphics\graphicx.
sty"
Package: graphicx 2017/06/01 v1.1a Enhanced LaTeX Graphics (DPC,SPQR)

("C:\Users\yyy04\AppData\Local\Programs\MiKTeX 2.9\tex/latex/graphics\keyval.st
y"
Package: keyval 2014/10/28 v1.15 key=value parser (DPC)
\KV@toks@=\toks14
)
("C:\Users\yyy04\AppData\Local\Programs\MiKTeX 2.9\tex/latex/graphics\graphics.
sty"
Package: graphics 2017/06/25 v1.2c Standard LaTeX Graphics (DPC,SPQR)

("C:\Users\yyy04\AppData\Local\Programs\MiKTeX 2.9\tex/latex/graphics\trig.sty"
Package: trig 2016/01/03 v1.10 sin cos tan (DPC)
)
("C:\Users\yyy04\AppData\Local\Programs\MiKTeX 2.9\tex/latex/graphics-cfg\graph
ics.cfg"
File: graphics.cfg 2016/06/04 v1.11 sample graphics configuration
)
Package graphics Info: Driver file: xetex.def on input line 99.

("C:\Users\yyy04\AppData\Local\Programs\MiKTeX 2.9\tex/latex/graphics-def\xetex
.def"
File: xetex.def 2017/06/24 v5.0h Graphics/color driver for xetex
))
\Gin@req@height=\dimen103
\Gin@req@width=\dimen104
)
("C:\Users\yyy04\AppData\Local\Programs\MiKTeX 2.9\tex/latex/appendix\appendix.
sty"
Package: appendix 2009/09/02 v1.2b extra appendix facilities
\c@@pps=\count88
\c@@ppsavesec=\count89
\c@@ppsaveapp=\count90
)
("C:\Users\yyy04\AppData\Local\Programs\MiKTeX 2.9\tex/latex/csvsimple\csvsimpl
e.sty"
Package: csvsimple 2019/04/09 version 1.21 LaTeX CSV file processing

("C:\Users\yyy04\AppData\Local\Programs\MiKTeX 2.9\tex/latex/pgf/utilities\pgfr
cs.sty"
("C:\Users\yyy04\AppData\Local\Programs\MiKTeX 2.9\tex/generic/pgf/utilities\pg
futil-common.tex"
\pgfutil@everybye=\toks15
\pgfutil@tempdima=\dimen105
\pgfutil@tempdimb=\dimen106

("C:\Users\yyy04\AppData\Local\Programs\MiKTeX 2.9\tex/generic/pgf/utilities\pg
futil-common-lists.tex"))
("C:\Users\yyy04\AppData\Local\Programs\MiKTeX 2.9\tex/generic/pgf/utilities\pg
futil-latex.def"
\pgfutil@abb=\box27

("C:\Users\yyy04\AppData\Local\Programs\MiKTeX 2.9\tex/latex/ms\everyshi.sty"
Package: everyshi 2001/05/15 v3.00 EveryShipout Package (MS)
))
("C:\Users\yyy04\AppData\Local\Programs\MiKTeX 2.9\tex/generic/pgf/utilities\pg
frcs.code.tex"
("C:\Users\yyy04\AppData\Local\Programs\MiKTeX 2.9\tex/generic/pgf\pgf.revision
.tex")
Package: pgfrcs 2019/08/03 v3.1.4b (3.1.4b)
))
("C:\Users\yyy04\AppData\Local\Programs\MiKTeX 2.9\tex/latex/pgf/utilities\pgfk
eys.sty"
("C:\Users\yyy04\AppData\Local\Programs\MiKTeX 2.9\tex/generic/pgf/utilities\pg
fkeys.code.tex"
\pgfkeys@pathtoks=\toks16
\pgfkeys@temptoks=\toks17

("C:\Users\yyy04\AppData\Local\Programs\MiKTeX 2.9\tex/generic/pgf/utilities\pg
fkeysfiltered.code.tex"
\pgfkeys@tmptoks=\toks18
)))
("C:\Users\yyy04\AppData\Local\Programs\MiKTeX 2.9\tex/latex/base\ifthen.sty"
Package: ifthen 2014/09/29 v1.1c Standard LaTeX ifthen package (DPC)
)
("C:\Users\yyy04\AppData\Local\Programs\MiKTeX 2.9\tex/latex/etoolbox\etoolbox.
sty"
Package: etoolbox 2019/09/21 v2.5h e-TeX tools for LaTeX (JAW)
\etb@tempcnta=\count91
)
("C:\Users\yyy04\AppData\Local\Programs\MiKTeX 2.9\tex/latex/tools\shellesc.sty
"
Package: shellesc 2016/06/07 v0.02a unified shell escape interface for LaTeX
Package shellesc Info: Restricted shell escape enabled on input line 69.
)
\csv@file=\read1
\c@csvinputline=\count92
\c@csvrow=\count93
\c@csvcol=\count94
\csv@out=\write3
) (未命名-1.aux)
\openout1 = `未命名-1.aux'.

LaTeX Font Info:    Checking defaults for OML/cmm/m/it on input line 7.
LaTeX Font Info:    ... okay on input line 7.
LaTeX Font Info:    Checking defaults for T1/cmr/m/n on input line 7.
LaTeX Font Info:    ... okay on input line 7.
LaTeX Font Info:    Checking defaults for OT1/cmr/m/n on input line 7.
LaTeX Font Info:    ... okay on input line 7.
LaTeX Font Info:    Checking defaults for OMS/cmsy/m/n on input line 7.
LaTeX Font Info:    ... okay on input line 7.
LaTeX Font Info:    Checking defaults for TU/lmr/m/n on input line 7.
LaTeX Font Info:    ... okay on input line 7.
LaTeX Font Info:    Checking defaults for OMX/cmex/m/n on input line 7.
LaTeX Font Info:    ... okay on input line 7.
LaTeX Font Info:    Checking defaults for U/cmr/m/n on input line 7.
LaTeX Font Info:    ... okay on input line 7.
 ABD: EveryShipout initializing macros
LaTeX Font Info:    External font `cmex10' loaded for size
(Font)              <12> on input line 8.
LaTeX Font Info:    External font `cmex10' loaded for size
(Font)              <8> on input line 8.
LaTeX Font Info:    External font `cmex10' loaded for size
(Font)              <6> on input line 8.
LaTeX Font Info:    External font `cmex10' loaded for size
(Font)              <7> on input line 43.
LaTeX Font Info:    External font `cmex10' loaded for size
(Font)              <5> on input line 43.
 [1

]
File: 2amean.jpg Graphic file (type bmp)
<2amean.jpg>
File: 2avar.jpg Graphic file (type bmp)
<2avar.jpg>

Overfull \hbox (55.56183pt too wide) in paragraph at lines 48--52
[] [] 
 []

File: 2bmean.jpg Graphic file (type bmp)
<2bmean.jpg>
File: 2bvar.jpg Graphic file (type bmp)
<2bvar.jpg>

Overfull \hbox (55.56183pt too wide) in paragraph at lines 52--56
[] [] 
 []

File: 2cmean.jpg Graphic file (type bmp)
<2cmean.jpg>
File: 2cvar.jpg Graphic file (type bmp)
<2cvar.jpg>

Overfull \hbox (55.56183pt too wide) in paragraph at lines 56--60
[] [] 
 []

[2]
File: 2emean.jpg Graphic file (type bmp)
<2emean.jpg>
File: 2evar.jpg Graphic file (type bmp)
<2evar.jpg>

Overfull \hbox (55.56183pt too wide) in paragraph at lines 62--66
[] [] 
 []

File: 2emean40.jpg Graphic file (type bmp)
<2emean40.jpg>
File: 2evar40.jpg Graphic file (type bmp)
<2evar40.jpg>

Overfull \hbox (70.56183pt too wide) in paragraph at lines 67--69
[][] [] 
 []

[3]
File: 2emean160.jpg Graphic file (type bmp)
<2emean160.jpg>
File: 2evar160.jpg Graphic file (type bmp)
<2evar160.jpg>

Overfull \hbox (70.56183pt too wide) in paragraph at lines 70--72
[][] [] 
 []

[4]
File: 3b.jpg Graphic file (type bmp)
<3b.jpg>
Missing character: There is no − in font cmr10!
File: 4a.jpg Graphic file (type bmp)
<4a.jpg>
 [5] [6]
File: healthy.jpg Graphic file (type bmp)
<healthy.jpg>
File: infected.jpg Graphic file (type bmp)
<infected.jpg>

Overfull \hbox (80.56183pt too wide) in paragraph at lines 203--207
[] [] 
 []

[7]
File: healthyqq.jpg Graphic file (type bmp)
<healthyqq.jpg>
File: infectedqq.jpg Graphic file (type bmp)
<infectedqq.jpg>

Overfull \hbox (80.56183pt too wide) in paragraph at lines 212--216
[] [] 
 []

File: box.jpg Graphic file (type bmp)
<box.jpg>
[8]
Missing character: There is no α in font [lmroman10-regular]:mapping=tex-text;!
 [9]

LaTeX Warning: No positions in optional float specifier.
               Default added (so using `tbp') on input line 261.

File: 5a.jpg Graphic file (type bmp)
<5a.jpg>
[10]
File: biological.jpg Graphic file (type bmp)
<biological.jpg>
File: chemistry.jpg Graphic file (type bmp)
<chemistry.jpg>

Overfull \hbox (80.56183pt too wide) in paragraph at lines 318--322
[] [] 
 []

[11]
File: biologicalqq.jpg Graphic file (type bmp)
<biologicalqq.jpg>
File: chemistryqq.jpg Graphic file (type bmp)
<chemistryqq.jpg>

Overfull \hbox (80.56183pt too wide) in paragraph at lines 327--331
[] [] 
 []

[12]
Missing character: There is no α in font [lmroman10-regular]:mapping=tex-text;!
 [13] [14] [15] [16] [17] (未命名-1.aux) ) 
Here is how much of TeX's memory you used:
 2384 strings out of 427669
 43928 string characters out of 3144952
 118931 words of memory out of 3000000
 6415 multiletter control sequences out of 15000+200000
 6424 words of font info for 29 fonts, out of 3000000 for 9000
 1348 hyphenation exceptions out of 8191
 40i,9n,46p,791b,189s stack positions out of 5000i,500n,10000p,200000b,50000s

Output written on 未命名-1.pdf (17 pages).
